# JRE version: Java(TM) SE Runtime Environment (17.0.10+11) (build 17.0.10+11-LTS-240)
# Java VM: Java HotSpot(TM) 64-Bit Server VM (17.0.10+11-LTS-240, mixed mode, sharing, tiered, compressed oops, compressed class ptrs, g1 gc, windows-amd64)
GC Precious Log:
 CPUs: 16 total, 16 available
 Memory: 16306M
 Large Page Support: Disabled
 NUMA Support: Disabled
 Compressed Oops: Enabled (Zero based)
 Heap Region Size: 2M
 Heap Min Capacity: 512M
 Heap Initial Capacity: 512M
 Heap Max Capacity: 4G
 Pre-touch: Disabled
 Parallel Workers: 13
 Concurrent Workers: 3
 Concurrent Refinement Workers: 13
 Periodic GC: Disabled
Heap:
 garbage-first heap   total 831488K, used 390830K [0x0000000700000000, 0x0000000800000000)
  region size 2048K, 53 young (108544K), 3 survivors (6144K)
 Metaspace       used 41324K, committed 43008K, reserved 1114112K
  class space    used 4930K, committed 5632K, reserved 1048576K
GC Heap History (20 events):
Event: 7.366 GC heap before
{Heap before GC invocations=16 (full 0):
 garbage-first heap   total 692224K, used 559019K [0x0000000700000000, 0x0000000800000000)
  region size 2048K, 168 young (344064K), 8 survivors (16384K)
 Metaspace       used 32837K, committed 34048K, reserved 1114112K
  class space    used 3837K, committed 4352K, reserved 1048576K
}
Event: 7.372 GC heap after
{Heap after GC invocations=17 (full 0):
 garbage-first heap   total 692224K, used 237660K [0x0000000700000000, 0x0000000800000000)
  region size 2048K, 10 young (20480K), 10 survivors (20480K)
 Metaspace       used 32837K, committed 34048K, reserved 1114112K
  class space    used 3837K, committed 4352K, reserved 1048576K
}
Event: 7.543 GC heap before
{Heap before GC invocations=17 (full 0):
 garbage-first heap   total 692224K, used 567388K [0x0000000700000000, 0x0000000800000000)
  region size 2048K, 172 young (352256K), 10 survivors (20480K)
 Metaspace       used 33371K, committed 34688K, reserved 1114112K
  class space    used 3914K, committed 4480K, reserved 1048576K
}
Event: 7.550 GC heap after
{Heap after GC invocations=18 (full 0):
 garbage-first heap   total 692224K, used 243127K [0x0000000700000000, 0x0000000800000000)
  region size 2048K, 13 young (26624K), 13 survivors (26624K)
 Metaspace       used 33371K, committed 34688K, reserved 1114112K
  class space    used 3914K, committed 4480K, reserved 1048576K
}
Event: 7.715 GC heap before
{Heap before GC invocations=18 (full 0):
 garbage-first heap   total 692224K, used 574903K [0x0000000700000000, 0x0000000800000000)
  region size 2048K, 176 young (360448K), 13 survivors (26624K)
 Metaspace       used 33661K, committed 34944K, reserved 1114112K
  class space    used 3941K, committed 4480K, reserved 1048576K
}
Event: 7.723 GC heap after
{Heap after GC invocations=19 (full 0):
 garbage-first heap   total 692224K, used 247369K [0x0000000700000000, 0x0000000800000000)
  region size 2048K, 14 young (28672K), 14 survivors (28672K)
 Metaspace       used 33661K, committed 34944K, reserved 1114112K
  class space    used 3941K, committed 4480K, reserved 1048576K
}
Event: 7.877 GC heap before
{Heap before GC invocations=19 (full 0):
 garbage-first heap   total 692224K, used 587337K [0x0000000700000000, 0x0000000800000000)
  region size 2048K, 178 young (364544K), 14 survivors (28672K)
 Metaspace       used 33704K, committed 34944K, reserved 1114112K
  class space    used 3947K, committed 4480K, reserved 1048576K
}
Event: 7.885 GC heap after
{Heap after GC invocations=20 (full 0):
 garbage-first heap   total 831488K, used 251578K [0x0000000700000000, 0x0000000800000000)
  region size 2048K, 15 young (30720K), 15 survivors (30720K)
 Metaspace       used 33704K, committed 34944K, reserved 1114112K
  class space    used 3947K, committed 4480K, reserved 1048576K
}
Event: 8.115 GC heap before
{Heap before GC invocations=20 (full 0):
 garbage-first heap   total 831488K, used 706234K [0x0000000700000000, 0x0000000800000000)
  region size 2048K, 238 young (487424K), 15 survivors (30720K)
 Metaspace       used 33708K, committed 34944K, reserved 1114112K
  class space    used 3947K, committed 4480K, reserved 1048576K
}
Event: 8.123 GC heap after
{Heap after GC invocations=21 (full 0):
 garbage-first heap   total 831488K, used 256197K [0x0000000700000000, 0x0000000800000000)
  region size 2048K, 17 young (34816K), 17 survivors (34816K)
 Metaspace       used 33708K, committed 34944K, reserved 1114112K
  class space    used 3947K, committed 4480K, reserved 1048576K
}
Event: 8.454 GC heap before
{Heap before GC invocations=21 (full 0):
 garbage-first heap   total 831488K, used 708805K [0x0000000700000000, 0x0000000800000000)
  region size 2048K, 239 young (489472K), 17 survivors (34816K)
 Metaspace       used 33723K, committed 35008K, reserved 1114112K
  class space    used 3947K, committed 4480K, reserved 1048576K
}
Event: 8.463 GC heap after
{Heap after GC invocations=22 (full 0):
 garbage-first heap   total 831488K, used 260313K [0x0000000700000000, 0x0000000800000000)
  region size 2048K, 18 young (36864K), 18 survivors (36864K)
 Metaspace       used 33723K, committed 35008K, reserved 1114112K
  class space    used 3947K, committed 4480K, reserved 1048576K
}
Event: 8.773 GC heap before
{Heap before GC invocations=22 (full 0):
 garbage-first heap   total 831488K, used 708825K [0x0000000700000000, 0x0000000800000000)
  region size 2048K, 237 young (485376K), 18 survivors (36864K)
 Metaspace       used 33727K, committed 35008K, reserved 1114112K
  class space    used 3947K, committed 4480K, reserved 1048576K
}
Event: 8.781 GC heap after
{Heap after GC invocations=23 (full 0):
 garbage-first heap   total 831488K, used 262117K [0x0000000700000000, 0x0000000800000000)
  region size 2048K, 17 young (34816K), 17 survivors (34816K)
 Metaspace       used 33727K, committed 35008K, reserved 1114112K
  class space    used 3947K, committed 4480K, reserved 1048576K
}
Event: 9.549 GC heap before
{Heap before GC invocations=23 (full 0):
 garbage-first heap   total 831488K, used 442341K [0x0000000700000000, 0x0000000800000000)
  region size 2048K, 106 young (217088K), 17 survivors (34816K)
 Metaspace       used 34693K, committed 35968K, reserved 1114112K
  class space    used 4074K, committed 4672K, reserved 1048576K
}
Event: 9.557 GC heap after
{Heap after GC invocations=24 (full 0):
 garbage-first heap   total 831488K, used 266928K [0x0000000700000000, 0x0000000800000000)
  region size 2048K, 17 young (34816K), 17 survivors (34816K)
 Metaspace       used 34693K, committed 35968K, reserved 1114112K
  class space    used 4074K, committed 4672K, reserved 1048576K
}
Event: 11.589 GC heap before
{Heap before GC invocations=25 (full 0):
 garbage-first heap   total 831488K, used 711344K [0x0000000700000000, 0x0000000800000000)
  region size 2048K, 234 young (479232K), 17 survivors (34816K)
 Metaspace       used 41229K, committed 42880K, reserved 1114112K
  class space    used 4917K, committed 5632K, reserved 1048576K
}
Event: 11.604 GC heap after
{Heap after GC invocations=26 (full 0):
 garbage-first heap   total 831488K, used 287949K [0x0000000700000000, 0x0000000800000000)
  region size 2048K, 25 young (51200K), 25 survivors (51200K)
 Metaspace       used 41229K, committed 42880K, reserved 1114112K
  class space    used 4917K, committed 5632K, reserved 1048576K
}
Event: 11.611 GC heap before
{Heap before GC invocations=26 (full 0):
 garbage-first heap   total 831488K, used 289997K [0x0000000700000000, 0x0000000800000000)
  region size 2048K, 26 young (53248K), 25 survivors (51200K)
 Metaspace       used 41233K, committed 42880K, reserved 1114112K
  class space    used 4917K, committed 5632K, reserved 1048576K
}
Event: 11.622 GC heap after
{Heap after GC invocations=27 (full 0):
 garbage-first heap   total 831488K, used 290478K [0x0000000700000000, 0x0000000800000000)
  region size 2048K, 3 young (6144K), 3 survivors (6144K)
 Metaspace       used 41233K, committed 42880K, reserved 1114112K
  class space    used 4917K, committed 5632K, reserved 1048576K
}

